2026-04-26T12:04:26.2008010+10:00 RUN_START
2026-04-26T12:04:26.2901416+10:00 BATCH_TAKEN size=3 ids=7,9,17
2026-04-26T12:04:26.2981787+10:00 PROCESSING id=7 url=https://www2.education.vic.gov.au/pal/long-service-leave-teaching-service/policy-and-guidelines
2026-04-26T12:04:27.3600995+10:00 ENRICHED id=7
2026-04-26T12:04:27.3637563+10:00 PROCESSING id=9 url=https://www2.education.vic.gov.au/pal/parental-absence-teaching-service/policy-and-guidelines/leave-entitlements
2026-04-26T12:04:35.2320028+10:00 ENRICHED id=9
2026-04-26T12:04:35.2340053+10:00 PROCESSING id=17 url=https://www2.education.vic.gov.au/pal/recruitment-schools/policy
2026-04-26T12:04:56.8670563+10:00 FAILED id=17 error=fetch_failed url=https://www2.education.vic.gov.au/pal/recruitment-schools/policy code=500 msg=5xx persistent (远程服务器返回错误: (500) 内部服务器错误。)
2026-04-26T12:04:56.8770492+10:00 BUILD_START
2026-04-26T12:04:59.9615116+10:00 BUILD_OK
2026-04-26T12:04:59.9897609+10:00 COMMIT_START ids=7,9
2026-04-26T12:05:00.1994116+10:00 COMMITTED ids=7,9
2026-04-26T12:05:00.2075509+10:00 DEPLOY_START
2026-04-26T12:05:18.2412128+10:00 DEPLOYED
2026-04-26T12:05:18.2486745+10:00 RUN_END succeeded=2 failed=0 remaining=109
2026-04-26T13:07:31.9770846+10:00 RUN_START
2026-04-26T13:07:32.0594603+10:00 BATCH_TAKEN size=3 ids=7,9,17
2026-04-26T13:07:32.0681510+10:00 PROCESSING id=7 url=https://www2.education.vic.gov.au/pal/long-service-leave-teaching-service/policy-and-guidelines
2026-04-26T13:07:33.1966459+10:00 ENRICHED id=7
2026-04-26T13:07:33.1996473+10:00 PROCESSING id=9 url=https://www2.education.vic.gov.au/pal/parental-absence-teaching-service/policy-and-guidelines/leave-entitlements
2026-04-26T13:07:40.7800196+10:00 ENRICHED id=9
2026-04-26T13:07:40.7824859+10:00 PROCESSING id=17 url=https://www2.education.vic.gov.au/pal/recruitment-schools/policy
2026-04-26T13:08:02.4362888+10:00 FAILED id=17 error=fetch_failed url=https://www2.education.vic.gov.au/pal/recruitment-schools/policy code=500 msg=5xx persistent (远程服务器返回错误: (500) 内部服务器错误。)
2026-04-26T13:08:02.4467763+10:00 BUILD_START
2026-04-26T13:08:05.7399060+10:00 BUILD_OK
2026-04-26T13:08:05.7599277+10:00 COMMIT_START ids=7,9
2026-04-26T13:08:06.0360322+10:00 COMMITTED ids=7,9
2026-04-26T13:08:06.0442753+10:00 DEPLOY_START
2026-04-26T13:08:18.4380690+10:00 DEPLOYED
2026-04-26T13:08:18.4437119+10:00 RUN_END succeeded=2 failed=0 remaining=110
2026-04-26T13:09:46.4027233+10:00 RUN_START
2026-04-26T13:09:46.4814595+10:00 BATCH_TAKEN size=3 ids=17,27,37
2026-04-26T13:09:46.4878002+10:00 PROCESSING id=17 url=https://www2.education.vic.gov.au/pal/recruitment-schools/policy
2026-04-26T13:10:08.2287247+10:00 FAILED id=17 error=fetch_failed url=https://www2.education.vic.gov.au/pal/recruitment-schools/policy code=500 msg=5xx persistent (远程服务器返回错误: (500) 内部服务器错误。)
2026-04-26T13:10:08.2412108+10:00 PROCESSING id=27 url=https://www2.education.vic.gov.au/pal/complaints-misconduct-and-unsatisfactory-performance/overview
2026-04-26T13:10:13.4009857+10:00 ENRICHED id=27
2026-04-26T13:10:13.4029850+10:00 PROCESSING id=37 url=https://www2.education.vic.gov.au/pal/finance-manual/policy
2026-04-26T13:10:13.4194670+10:00 FAILED id=37 error=无法将参数绑定到参数“Actions”，因为该参数为空数组。
2026-04-26T13:10:13.4214645+10:00 BUILD_START
2026-04-26T13:10:16.4554069+10:00 BUILD_OK
2026-04-26T13:10:16.4764059+10:00 COMMIT_START ids=27
2026-04-26T13:10:16.7177122+10:00 COMMITTED ids=27
2026-04-26T13:10:16.7277117+10:00 DEPLOY_START
2026-04-26T13:10:27.8446763+10:00 DEPLOYED
2026-04-26T13:10:27.8506874+10:00 RUN_END succeeded=1 failed=0 remaining=109
2026-04-26T13:11:47.4083936+10:00 RUN_START
2026-04-26T13:11:47.4787463+10:00 BATCH_TAKEN size=3 ids=17,37,45
2026-04-26T13:11:47.4869626+10:00 PROCESSING id=17 url=https://www2.education.vic.gov.au/pal/recruitment-schools/policy
2026-04-26T13:12:08.8844030+10:00 FAILED id=17 error=fetch_failed url=https://www2.education.vic.gov.au/pal/recruitment-schools/policy code=500 msg=5xx persistent (远程服务器返回错误: (500) 内部服务器错误。)
2026-04-26T13:12:08.8961115+10:00 PROCESSING id=37 url=https://www2.education.vic.gov.au/pal/finance-manual/policy
2026-04-26T13:12:08.9117721+10:00 FAILED id=37 error=无法将参数绑定到参数“Actions”，因为该参数为空数组。
2026-04-26T13:12:08.9137684+10:00 PROCESSING id=45 url=https://www2.education.vic.gov.au/pal/gifts-benefits-and-hospitality/policy
2026-04-26T13:12:14.0589425+10:00 ENRICHED id=45
2026-04-26T13:12:14.0609435+10:00 BUILD_START
2026-04-26T13:12:17.3840801+10:00 BUILD_OK
2026-04-26T13:12:17.4072310+10:00 COMMIT_START ids=45
2026-04-26T13:12:17.6386844+10:00 COMMITTED ids=45
2026-04-26T13:12:17.6489690+10:00 DEPLOY_START
2026-04-26T13:12:31.7109528+10:00 DEPLOYED
2026-04-26T13:12:31.7179508+10:00 RUN_END succeeded=1 failed=1 remaining=107
2026-04-26T13:13:47.5217924+10:00 RUN_START
2026-04-26T13:13:47.6016452+10:00 BATCH_TAKEN size=3 ids=37,48,56
2026-04-26T13:13:47.6096423+10:00 PROCESSING id=37 url=https://www2.education.vic.gov.au/pal/finance-manual/policy
2026-04-26T13:13:47.6417768+10:00 FAILED id=37 error=无法将参数绑定到参数“Actions”，因为该参数为空数组。
2026-04-26T13:13:47.6554272+10:00 PROCESSING id=48 url=https://www2.education.vic.gov.au/pal/parent-payment/policy
2026-04-26T13:13:51.2476815+10:00 ENRICHED id=48
2026-04-26T13:13:51.2496826+10:00 PROCESSING id=56 url=https://www2.education.vic.gov.au/pal/enrolment/policy
2026-04-26T13:14:07.0643657+10:00 ENRICHED id=56
2026-04-26T13:14:07.0675316+10:00 BUILD_START
2026-04-26T13:14:10.1478241+10:00 BUILD_OK
2026-04-26T13:14:10.1789517+10:00 COMMIT_START ids=48,56
2026-04-26T13:14:10.4717273+10:00 COMMITTED ids=48,56
2026-04-26T13:14:10.4811018+10:00 DEPLOY_START
2026-04-26T13:14:22.6379708+10:00 DEPLOYED
2026-04-26T13:14:22.6451497+10:00 RUN_END succeeded=2 failed=1 remaining=104
2026-04-26T13:15:47.3719284+10:00 RUN_START
2026-04-26T13:15:47.4495373+10:00 BATCH_TAKEN size=3 ids=59,64,73
2026-04-26T13:15:47.4584702+10:00 PROCESSING id=59 url=https://www2.education.vic.gov.au/pal/suspensions/policy
2026-04-26T13:15:57.5033502+10:00 ENRICHED id=59
2026-04-26T13:15:57.5053564+10:00 PROCESSING id=64 url=https://www2.education.vic.gov.au/pal/anaphylaxis/policy
2026-04-26T13:16:08.5115975+10:00 ENRICHED id=64
2026-04-26T13:16:08.5136022+10:00 PROCESSING id=73 url=https://www2.education.vic.gov.au/pal/disability-inclusion-profile/policy
2026-04-26T13:16:20.6552155+10:00 ENRICHED id=73
2026-04-26T13:16:20.6572158+10:00 BUILD_START
2026-04-26T13:16:23.6847662+10:00 BUILD_OK
2026-04-26T13:16:23.7082950+10:00 COMMIT_START ids=59,64,73
2026-04-26T13:16:23.9758749+10:00 COMMITTED ids=59,64,73
2026-04-26T13:16:23.9839056+10:00 DEPLOY_START
2026-04-26T13:16:35.3602081+10:00 DEPLOYED
2026-04-26T13:16:35.3675112+10:00 RUN_END succeeded=3 failed=0 remaining=101
2026-04-26T13:17:46.9883319+10:00 RUN_START
2026-04-26T13:17:47.0713058+10:00 BATCH_TAKEN size=3 ids=77,80,85
2026-04-26T13:17:47.0778112+10:00 PROCESSING id=77 url=https://www2.education.vic.gov.au/pal/occupational-health-safety-wellbeing-management/policy
2026-04-26T13:17:47.1088176+10:00 FAILED id=77 error=无法将参数绑定到参数“Actions”，因为该参数为空数组。
2026-04-26T13:17:47.1229521+10:00 PROCESSING id=80 url=https://www2.education.vic.gov.au/pal/workers-compensation/policy
2026-04-26T13:17:55.1301974+10:00 ENRICHED id=80
2026-04-26T13:17:55.1329832+10:00 PROCESSING id=85 url=https://www2.education.vic.gov.au/pal/emergency-critical-incident-management-planning/policy
2026-04-26T13:17:57.5754264+10:00 ENRICHED id=85
2026-04-26T13:17:57.5774257+10:00 BUILD_START
2026-04-26T13:18:00.7168060+10:00 BUILD_OK
2026-04-26T13:18:00.7418085+10:00 COMMIT_START ids=80,85
2026-04-26T13:18:01.0180187+10:00 COMMITTED ids=80,85
2026-04-26T13:18:01.0270202+10:00 DEPLOY_START
2026-04-26T13:18:14.0479420+10:00 DEPLOYED
2026-04-26T13:18:14.0552691+10:00 RUN_END succeeded=2 failed=0 remaining=99
2026-04-26T13:19:47.4104798+10:00 RUN_START
2026-04-26T13:19:47.4815268+10:00 BATCH_TAKEN size=3 ids=77,86,91
2026-04-26T13:19:47.4893602+10:00 PROCESSING id=77 url=https://www2.education.vic.gov.au/pal/occupational-health-safety-wellbeing-management/policy
2026-04-26T13:19:47.5224690+10:00 FAILED id=77 error=无法将参数绑定到参数“Actions”，因为该参数为空数组。
2026-04-26T13:19:47.5364685+10:00 PROCESSING id=86 url=https://www2.education.vic.gov.au/pal/excursions/policy
2026-04-26T13:20:09.8980355+10:00 ENRICHED id=86
2026-04-26T13:20:09.9012593+10:00 PROCESSING id=91 url=https://www2.education.vic.gov.au/pal/privacy-information-sharing/policy
2026-04-26T13:20:21.0433327+10:00 ENRICHED id=91
2026-04-26T13:20:21.0453326+10:00 BUILD_START
2026-04-26T13:20:24.1830568+10:00 BUILD_OK
2026-04-26T13:20:24.2100658+10:00 COMMIT_START ids=86,91
